<?xml version="1.0" encoding="UTF-8"?>
<!-- Generated by org.testng.reporters.JUnitReportReporter -->
<testsuite skipped="0" hostname="Sivadass-Kob-Machine" name="com.searchtest.Searchinputs" tests="1" failures="0" timestamp="29 Aug 2019 07:09:08 GMT" time="2271.580" errors="0">
  <testcase name="ReadData" time="2271.580" classname="com.searchtest.Searchinputs"/>
</testsuite> <!-- com.searchtest.Searchinputs -->
